#
# There is insufficient memory for the Java Runtime Environment to continue.
# Native memory allocation (malloc) failed to allocate 368656 bytes for Chunk::new
# Possible reasons:
#   The system is out of physical RAM or swap space
#   In 32 bit mode, the process size limit was hit
# Possible solutions:
#   Reduce memory load on the system
#   Increase physical memory or swap space
#   Check if swap backing store is full
#   Use 64 bit Java on a 64 bit OS
#   Decrease Java heap size (-Xmx/-Xms)
#   Decrease number of Java threads
#   Decrease Java thread stack sizes (-Xss)
#   Set larger code cache with -XX:ReservedCodeCacheSize=
# This output file may be truncated or incomplete.
#
#  Out of Memory Error (allocation.cpp:390), pid=7492, tid=5920
#
# JRE version:  (8.0_91-b14) (build )
# Java VM: Java HotSpot(TM) 64-Bit Server VM (25.91-b14 mixed mode windows-amd64 compressed oops)
# Failed to write core dump. Minidumps are not enabled by default on client versions of Windows
#

---------------  T H R E A D  ---------------

Current thread (0x000000000228e000):  JavaThread "Unknown thread" [_thread_in_vm, id=5920, stack(0x0000000002540000,0x0000000002640000)]

Stack: [0x0000000002540000,0x0000000002640000]
[error occurred during error reporting (printing stack bounds), id 0xc0000005]

Native frames: (J=compiled Java code, j=interpreted, Vv=VM code, C=native code)


---------------  P R O C E S S  ---------------

Java Threads: ( => current thread )

Other Threads:

=>0x000000000228e000 (exited) JavaThread "Unknown thread" [_thread_in_vm, id=5920, stack(0x0000000002540000,0x0000000002640000)]

VM state:not at safepoint (not fully initialized)

VM Mutex/Monitor currently owned by a thread: None

GC Heap History (0 events):
No events

Deoptimization events (0 events):
No events

Internal exceptions (0 events):
No events

Events (0 events):
No events


Dynamic libraries:
0x000000013fdb0000 - 0x000000013fde7000 	C:\Program Files\Java\jre1.8.0_91\bin\javaw.exe
0x0000000077310000 - 0x00000000774ba000 	C:\Windows\SYSTEM32\ntdll.dll
0x00000000770f0000 - 0x000000007720f000 	C:\Windows\system32\kernel32.dll
0x000007fefd0c0000 - 0x000007fefd12a000 	C:\Windows\system32\KERNELBASE.dll
0x000007fefda70000 - 0x000007fefdb4b000 	C:\Windows\system32\ADVAPI32.dll
0x000007feff120000 - 0x000007feff1bf000 	C:\Windows\system32\msvcrt.dll
0x000007feff4f0000 - 0x000007feff50f000 	C:\Windows\SYSTEM32\sechost.dll
0x000007feff1c0000 - 0x000007feff2ed000 	C:\Windows\system32\RPCRT4.dll
0x0000000077210000 - 0x000000007730a000 	C:\Windows\system32\USER32.dll
0x000007feff480000 - 0x000007feff4e7000 	C:\Windows\system32\GDI32.dll
0x000007fefeb40000 - 0x000007fefeb4e000 	C:\Windows\system32\LPK.dll
0x000007fefd720000 - 0x000007fefd7ea000 	C:\Windows\system32\USP10.dll
0x000007fefc250000 - 0x000007fefc444000 	C:\Windows\WinSxS\amd64_microsoft.windows.common-controls_6595b64144ccf1df_6.0.7601.18837_none_fa3b1e3d17594757\COMCTL32.dll
0x000007fefdb50000 - 0x000007fefdbc1000 	C:\Windows\system32\SHLWAPI.dll
0x000007fefebf0000 - 0x000007fefec1e000 	C:\Windows\system32\IMM32.DLL
0x000007feff510000 - 0x000007feff619000 	C:\Windows\system32\MSCTF.dll
0x0000000057fb0000 - 0x0000000058082000 	C:\Program Files\Java\jre1.8.0_91\bin\msvcr100.dll
0x0000000057300000 - 0x0000000057b93000 	C:\Program Files\Java\jre1.8.0_91\bin\server\jvm.dll
0x000007fee3730000 - 0x000007fee3739000 	C:\Windows\system32\WSOCK32.dll
0x000007fefecc0000 - 0x000007fefed0d000 	C:\Windows\system32\WS2_32.dll
0x000007fefd7f0000 - 0x000007fefd7f8000 	C:\Windows\system32\NSI.dll
0x000007fefb300000 - 0x000007fefb33b000 	C:\Windows\system32\WINMM.dll
0x000007fefbf80000 - 0x000007fefbf8c000 	C:\Windows\system32\VERSION.dll
0x00000000774e0000 - 0x00000000774e7000 	C:\Windows\system32\PSAPI.DLL
0x0000000064800000 - 0x000000006480f000 	C:\Program Files\Java\jre1.8.0_91\bin\verify.dll
0x000000005e230000 - 0x000000005e259000 	C:\Program Files\Java\jre1.8.0_91\bin\java.dll
0x00000000647e0000 - 0x00000000647f6000 	C:\Program Files\Java\jre1.8.0_91\bin\zip.dll

VM Arguments:
jvm_args: -Dfile.encoding=Cp1252 
java_command: conflictos.AppTest
java_class_path (initial): C:\Users\German\Desktop\ARGENTO LORENZ\DESARROLLO\Reinas\bin
Launcher Type: SUN_STANDARD

Environment Variables:
PATH=C:/Program Files/Java/jre1.8.0_91/bin/server;C:/Program Files/Java/jre1.8.0_91/bin;C:/Program Files/Java/jre1.8.0_91/lib/amd64;C:\Program Files (x86)\Intel\iCLS Client\;C:\Program Files\Intel\iCLS Client\;C:\ProgramData\Oracle\Java\javapath;C:\Windows\system32;C:\Windows;C:\Windows\System32\Wbem;C:\Windows\System32\WindowsPowerShell\v1.0\;C:\Program Files (x86)\ATI Technologies\ATI.ACE\Core-Static;C:\Windows\System32\WindowsPowerShell\v1.0\;C:\Program Files (x86)\Skype\Phone\;C:\Program Files (x86)\Intel\Intel(R) Management Engine Components\DAL;C:\Program Files\Intel\Intel(R) Management Engine Components\DAL;C:\Program Files (x86)\Intel\Intel(R) Management Engine Components\IPT;C:\Program Files\Intel\Intel(R) Management Engine Components\IPT;C:\Program Files\ThinkPad\Bluetooth Software\;C:\Program Files\ThinkPad\Bluetooth Software\syswow64;C:\Program Files (x86)\Lenovo\Password Manager\;C:\Program Files (x86)\Lenovo\Access Connections\;C:\Program Files\Common Files\Lenovo;C:\eclipse;
USERNAME=German
OS=Windows_NT
PROCESSOR_IDENTIFIER=Intel64 Family 6 Model 58 Stepping 9, GenuineIntel



---------------  S Y S T E M  ---------------

OS: Windows 7 , 64 bit Build 7601 (6.1.7601.23418)

CPU:total 4 (2 cores per cpu, 2 threads per core) family 6 model 58 stepping 9, cmov, cx8, fxsr, mmx, sse, sse2, sse3, ssse3, sse4.1, sse4.2, popcnt, avx, aes, clmul, erms, ht, tsc, tscinvbit, tscinv

Memory: 4k page, physical 16467116k(11477456k free), swap 16465256k(5280k free)

vm_info: Java HotSpot(TM) 64-Bit Server VM (25.91-b14) for windows-amd64 JRE (1.8.0_91-b14), built on Apr  1 2016 00:58:32 by "java_re" with MS VC++ 10.0 (VS2010)

time: Fri Jun 03 20:34:11 2016
elapsed time: 0 seconds (0d 0h 0m 0s)

